<?xml version="1.0" encoding="utf-8"?><testsuite errors="0" failures="0" name="pytest" skipped="0" tests="2" time="1232.852"><testcase classname="tests.continuous_monitoring_tests" file="tests/continuous_monitoring_tests.py" line="77" name="test_initial" time="0.001"></testcase><testcase classname="tests.continuous_monitoring_tests" file="tests/continuous_monitoring_tests.py" line="81" name="test_data_collection" time="1232.822"></testcase></testsuite>